[1217/023710.891:ERROR:directory_reader_win.cc(43)] FindFirstFile: The system cannot find the path specified. (0x3)
[1217/032255.179:ERROR:directory_reader_win.cc(43)] FindFirstFile: The system cannot find the path specified. (0x3)
[1217/034803.177:ERROR:directory_reader_win.cc(43)] FindFirstFile: The system cannot find the path specified. (0x3)
[1217/042441.436:ERROR:directory_reader_win.cc(43)] FindFirstFile: The system cannot find the path specified. (0x3)
[1217/042600.613:ERROR:directory_reader_win.cc(43)] FindFirstFile: The system cannot find the path specified. (0x3)
[1217/053347.568:ERROR:directory_reader_win.cc(43)] FindFirstFile: The system cannot find the path specified. (0x3)
[1217/114225.870:ERROR:directory_reader_win.cc(43)] FindFirstFile: The system cannot find the path specified. (0x3)
[1217/114249.275:ERROR:directory_reader_win.cc(43)] FindFirstFile: The system cannot find the path specified. (0x3)
[1217/115727.855:ERROR:directory_reader_win.cc(43)] FindFirstFile: The system cannot find the path specified. (0x3)
[1217/120041.718:ERROR:directory_reader_win.cc(43)] FindFirstFile: The system cannot find the path specified. (0x3)
[1217/215022.259:ERROR:directory_reader_win.cc(43)] FindFirstFile: The system cannot find the path specified. (0x3)
[1217/233311.355:ERROR:directory_reader_win.cc(43)] FindFirstFile: The system cannot find the path specified. (0x3)
[1217/233658.605:ERROR:directory_reader_win.cc(43)] FindFirstFile: The system cannot find the path specified. (0x3)
[1218/000826.211:ERROR:directory_reader_win.cc(43)] FindFirstFile: The system cannot find the path specified. (0x3)
[1218/001119.391:ERROR:directory_reader_win.cc(43)] FindFirstFile: The system cannot find the path specified. (0x3)
[1218/010314.562:ERROR:directory_reader_win.cc(43)] FindFirstFile: The system cannot find the path specified. (0x3)
[1218/011054.973:ERROR:directory_reader_win.cc(43)] FindFirstFile: The system cannot find the path specified. (0x3)
[1218/013047.599:ERROR:directory_reader_win.cc(43)] FindFirstFile: The system cannot find the path specified. (0x3)
[1218/013156.373:ERROR:process_reader_win.cc(123)] NtOpenThread: {Access Denied} A process has requested access to an object, but has not been granted those access rights. (0xc0000022)
[1218/013156.374:ERROR:exception_snapshot_win.cc(99)] thread ID 11676 not found in process
[1218/013156.447:ERROR:process_reader_win.cc(123)] NtOpenThread: {Access Denied} A process has requested access to an object, but has not been granted those access rights. (0xc0000022)
[1218/013156.449:ERROR:exception_snapshot_win.cc(99)] thread ID 24336 not found in process
[1218/013156.498:ERROR:process_info.cc(329)] VirtualQueryEx: Access is denied. (0x5)
[1218/013156.498:ERROR:process_info.cc(556)] ReadMemoryInfo failed
[1218/013156.499:ERROR:scoped_process_suspend.cc(40)] NtResumeProcess: An attempt was made to access an exiting process. (0xc000010a)
[1218/013156.542:ERROR:process_reader_win.cc(123)] NtOpenThread: {Access Denied} A process has requested access to an object, but has not been granted those access rights. (0xc0000022)
[1218/013156.543:ERROR:exception_snapshot_win.cc(99)] thread ID 24064 not found in process
[1218/013156.579:ERROR:process_info.cc(329)] VirtualQueryEx: Access is denied. (0x5)
[1218/013156.580:ERROR:process_info.cc(556)] ReadMemoryInfo failed
[1218/013156.580:ERROR:scoped_process_suspend.cc(40)] NtResumeProcess: An attempt was made to access an exiting process. (0xc000010a)
[1218/013156.630:ERROR:process_reader_win.cc(151)] SuspendThread: Access is denied. (0x5)
[1218/013156.630:ERROR:process_reader_win.cc(123)] NtOpenThread: {Access Denied} A process has requested access to an object, but has not been granted those access rights. (0xc0000022)
[1218/013156.631:ERROR:exception_snapshot_win.cc(99)] thread ID 8040 not found in process
[1218/013156.681:ERROR:process_reader_win.cc(151)] SuspendThread: Access is denied. (0x5)
[1218/013156.681:ERROR:process_reader_win.cc(123)] NtOpenThread: {Access Denied} A process has requested access to an object, but has not been granted those access rights. (0xc0000022)
[1218/013156.682:ERROR:exception_snapshot_win.cc(99)] thread ID 24012 not found in process
[1218/013156.694:ERROR:process_reader_win.cc(151)] SuspendThread: Access is denied. (0x5)
[1218/013156.694:ERROR:process_reader_win.cc(151)] SuspendThread: Access is denied. (0x5)
[1218/013156.694:ERROR:process_reader_win.cc(151)] SuspendThread: Access is denied. (0x5)
[1218/013156.694:ERROR:exception_snapshot_win.cc(99)] thread ID 22096 not found in process
[1218/013156.763:ERROR:process_reader_win.cc(123)] NtOpenThread: {Access Denied} A process has requested access to an object, but has not been granted those access rights. (0xc0000022)
[1218/013156.763:ERROR:exception_snapshot_win.cc(99)] thread ID 8340 not found in process
[1218/111836.214:ERROR:directory_reader_win.cc(43)] FindFirstFile: The system cannot find the path specified. (0x3)
[1218/133539.722:ERROR:process_reader_win.cc(123)] NtOpenThread: {Access Denied} A process has requested access to an object, but has not been granted those access rights. (0xc0000022)
[1218/133539.726:ERROR:exception_snapshot_win.cc(99)] thread ID 21768 not found in process
[1218/133539.815:ERROR:process_reader_win.cc(123)] NtOpenThread: {Access Denied} A process has requested access to an object, but has not been granted those access rights. (0xc0000022)
[1218/133539.816:ERROR:exception_snapshot_win.cc(99)] thread ID 22576 not found in process
[1218/133539.852:ERROR:process_reader_win.cc(123)] NtOpenThread: {Access Denied} A process has requested access to an object, but has not been granted those access rights. (0xc0000022)
[1218/133539.852:ERROR:exception_snapshot_win.cc(99)] thread ID 24304 not found in process
[1218/133539.853:ERROR:scoped_process_suspend.cc(40)] NtResumeProcess: An attempt was made to access an exiting process. (0xc000010a)
[1218/133539.903:ERROR:process_reader_win.cc(123)] NtOpenThread: {Access Denied} A process has requested access to an object, but has not been granted those access rights. (0xc0000022)
[1218/133539.904:ERROR:exception_snapshot_win.cc(99)] thread ID 15160 not found in process
[1218/133539.941:ERROR:process_reader_win.cc(123)] NtOpenThread: {Access Denied} A process has requested access to an object, but has not been granted those access rights. (0xc0000022)
[1218/133539.941:ERROR:exception_snapshot_win.cc(99)] thread ID 10732 not found in process
[1218/133539.941:ERROR:scoped_process_suspend.cc(40)] NtResumeProcess: An attempt was made to access an exiting process. (0xc000010a)
[1218/140358.504:ERROR:directory_reader_win.cc(43)] FindFirstFile: The system cannot find the path specified. (0x3)
[1218/140428.335:ERROR:directory_reader_win.cc(43)] FindFirstFile: The system cannot find the path specified. (0x3)
[1218/193059.371:ERROR:directory_reader_win.cc(43)] FindFirstFile: The system cannot find the path specified. (0x3)
[1218/193156.656:ERROR:directory_reader_win.cc(43)] FindFirstFile: The system cannot find the path specified. (0x3)
[1218/194043.206:ERROR:process_reader_win.cc(123)] NtOpenThread: {Access Denied} A process has requested access to an object, but has not been granted those access rights. (0xc0000022)
[1218/194043.208:ERROR:exception_snapshot_win.cc(99)] thread ID 19260 not found in process
[1218/195123.312:ERROR:directory_reader_win.cc(43)] FindFirstFile: The system cannot find the path specified. (0x3)
[1218/195128.285:ERROR:directory_reader_win.cc(43)] FindFirstFile: The system cannot find the path specified. (0x3)
[1218/195158.495:ERROR:directory_reader_win.cc(43)] FindFirstFile: The system cannot find the path specified. (0x3)
[1218/200923.258:ERROR:directory_reader_win.cc(43)] FindFirstFile: The system cannot find the path specified. (0x3)
[1218/200936.058:ERROR:directory_reader_win.cc(43)] FindFirstFile: The system cannot find the path specified. (0x3)
[1218/201304.091:ERROR:process_reader_win.cc(123)] NtOpenThread: {Access Denied} A process has requested access to an object, but has not been granted those access rights. (0xc0000022)
[1218/201304.093:ERROR:exception_snapshot_win.cc(99)] thread ID 2760 not found in process
[1218/201304.147:ERROR:process_reader_win.cc(123)] NtOpenThread: {Access Denied} A process has requested access to an object, but has not been granted those access rights. (0xc0000022)
[1218/201304.148:ERROR:exception_snapshot_win.cc(99)] thread ID 22088 not found in process
[1218/201304.165:ERROR:process_reader_win.cc(123)] NtOpenThread: {Access Denied} A process has requested access to an object, but has not been granted those access rights. (0xc0000022)
[1218/201304.166:ERROR:exception_snapshot_win.cc(99)] thread ID 8096 not found in process
[1218/201304.166:ERROR:scoped_process_suspend.cc(40)] NtResumeProcess: An attempt was made to access an exiting process. (0xc000010a)
[1218/201304.190:ERROR:process_reader_win.cc(123)] NtOpenThread: {Access Denied} A process has requested access to an object, but has not been granted those access rights. (0xc0000022)
[1218/201304.191:ERROR:exception_snapshot_win.cc(99)] thread ID 16736 not found in process
[1218/201304.213:ERROR:process_reader_win.cc(123)] NtOpenThread: {Access Denied} A process has requested access to an object, but has not been granted those access rights. (0xc0000022)
[1218/201304.213:ERROR:exception_snapshot_win.cc(99)] thread ID 18140 not found in process
[1218/201304.213:ERROR:scoped_process_suspend.cc(40)] NtResumeProcess: An attempt was made to access an exiting process. (0xc000010a)
[1218/201304.240:ERROR:process_reader_win.cc(123)] NtOpenThread: {Access Denied} A process has requested access to an object, but has not been granted those access rights. (0xc0000022)
[1218/201304.240:ERROR:exception_snapshot_win.cc(99)] thread ID 10628 not found in process
[1218/201304.257:ERROR:process_reader_win.cc(123)] NtOpenThread: {Access Denied} A process has requested access to an object, but has not been granted those access rights. (0xc0000022)
[1218/201304.257:ERROR:exception_snapshot_win.cc(99)] thread ID 16884 not found in process
[1218/201304.257:ERROR:scoped_process_suspend.cc(40)] NtResumeProcess: An attempt was made to access an exiting process. (0xc000010a)
[1218/201304.292:ERROR:process_reader_win.cc(123)] NtOpenThread: {Access Denied} A process has requested access to an object, but has not been granted those access rights. (0xc0000022)
[1218/201304.293:ERROR:exception_snapshot_win.cc(99)] thread ID 13132 not found in process
[1218/201304.321:ERROR:process_info.cc(329)] VirtualQueryEx: Access is denied. (0x5)
[1218/201304.321:ERROR:process_info.cc(556)] ReadMemoryInfo failed
[1218/201304.321:ERROR:process_memory_win.cc(39)] Failed to initialize ProcessInfo.
[1218/201304.321:ERROR:scoped_process_suspend.cc(40)] NtResumeProcess: An attempt was made to access an exiting process. (0xc000010a)
